2019-05-30 10:35:51,353 INFO org.springframework.boot.SpringApplication [main] No active profile set, falling back to default profiles: default
2019-05-30 10:37:17,491 INFO org.springframework.boot.SpringApplication [main] No active profile set, falling back to default profiles: default
2019-05-30 10:37:56,727 INFO org.springframework.boot.SpringApplication [main] No active profile set, falling back to default profiles: default
2019-05-30 11:02:43,363 INFO org.springframework.boot.SpringApplication [main] No active profile set, falling back to default profiles: default
2019-05-30 11:16:03,145 INFO org.springframework.boot.SpringApplication [main] No active profile set, falling back to default profiles: default
2019-05-30 11:22:01,608 INFO org.springframework.boot.SpringApplication [main] No active profile set, falling back to default profiles: default
2019-05-30 11:22:18,664 INFO org.springframework.boot.StartupInfoLogger [main] Started Ejercicio2Application in 19.917 seconds (JVM running for 21.573)
2019-05-30 11:28:47,079 INFO org.springframework.boot.SpringApplication [main] No active profile set, falling back to default profiles: default
2019-05-30 11:29:09,992 INFO org.springframework.boot.StartupInfoLogger [main] Started Ejercicio2Application in 26.417 seconds (JVM running for 30.534)
2019-05-30 15:00:44,906 INFO org.springframework.boot.SpringApplication [main] No active profile set, falling back to default profiles: default
2019-05-30 15:02:23,270 INFO org.springframework.boot.StartupInfoLogger [main] Started Ejercicio2Application in 113.287 seconds (JVM running for 127.004)
2019-05-30 15:03:47,581 INFO org.springframework.boot.SpringApplication [main] No active profile set, falling back to default profiles: default
2019-05-30 15:05:01,321 INFO org.springframework.boot.StartupInfoLogger [main] Started Ejercicio2Application in 80.658 seconds (JVM running for 92.065)
2019-05-30 15:14:56,211 INFO org.springframework.boot.SpringApplication [main] No active profile set, falling back to default profiles: default
2019-05-30 15:15:33,801 INFO org.springframework.boot.StartupInfoLogger [main] Started Ejercicio2Application in 44.279 seconds (JVM running for 55.316)
2019-05-30 15:21:51,187 INFO org.springframework.boot.SpringApplication [main] No active profile set, falling back to default profiles: default
2019-05-30 15:22:42,702 INFO org.springframework.boot.StartupInfoLogger [main] Started Ejercicio2Application in 58.121 seconds (JVM running for 72.693)
2019-05-30 15:27:16,350 INFO org.springframework.boot.SpringApplication [main] No active profile set, falling back to default profiles: default
2019-05-30 15:27:44,466 INFO org.springframework.boot.StartupInfoLogger [main] Started Ejercicio2Application in 34.05 seconds (JVM running for 41.895)
2019-05-30 15:30:45,698 INFO org.springframework.boot.SpringApplication [main] No active profile set, falling back to default profiles: default
2019-05-30 15:31:05,543 INFO org.springframework.boot.StartupInfoLogger [main] Started Ejercicio2Application in 22.921 seconds (JVM running for 25.021)
2019-05-30 15:32:38,200 INFO org.springframework.boot.SpringApplication [main] No active profile set, falling back to default profiles: default
2019-05-30 15:32:57,572 INFO org.springframework.boot.StartupInfoLogger [main] Started Ejercicio2Application in 22.848 seconds (JVM running for 25.476)
2019-05-30 15:35:13,189 INFO org.springframework.boot.SpringApplication [main] No active profile set, falling back to default profiles: default
2019-05-30 15:35:32,245 INFO org.springframework.boot.StartupInfoLogger [main] Started Ejercicio2Application in 22.289 seconds (JVM running for 24.415)
2019-05-30 15:36:57,985 INFO org.springframework.boot.SpringApplication [main] No active profile set, falling back to default profiles: default
2019-05-30 15:37:15,925 INFO org.springframework.boot.StartupInfoLogger [main] Started Ejercicio2Application in 21.224 seconds (JVM running for 23.36)
2019-05-30 15:44:40,982 INFO org.springframework.boot.SpringApplication [main] No active profile set, falling back to default profiles: default
2019-05-30 15:45:09,279 INFO org.springframework.boot.StartupInfoLogger [main] Started Ejercicio2Application in 32.185 seconds (JVM running for 37.806)
2019-05-30 15:46:35,280 INFO org.springframework.boot.SpringApplication [main] No active profile set, falling back to default profiles: default
2019-05-30 15:46:35,400 INFO org.springframework.boot.SpringApplication [main] No active profile set, falling back to default profiles: default
2019-05-30 15:48:50,781 INFO org.springframework.boot.StartupInfoLogger [main] Started Ejercicio2Application in 140.259 seconds (JVM running for 147.512)
2019-05-30 15:50:56,156 INFO org.springframework.boot.SpringApplication [main] No active profile set, falling back to default profiles: default
2019-05-30 15:51:32,861 INFO org.springframework.boot.StartupInfoLogger [main] Started Ejercicio2Application in 43.305 seconds (JVM running for 49.179)
2019-05-30 16:03:43,159 INFO org.springframework.boot.SpringApplication [main] No active profile set, falling back to default profiles: default
2019-05-30 16:04:07,160 INFO org.springframework.boot.StartupInfoLogger [main] Started Ejercicio2Application in 28.275 seconds (JVM running for 33.782)
2019-05-30 16:09:29,743 INFO org.springframework.boot.SpringApplication [main] No active profile set, falling back to default profiles: default
2019-05-30 16:09:47,739 INFO org.springframework.boot.StartupInfoLogger [main] Started Ejercicio2Application in 21.406 seconds (JVM running for 23.343)
2019-05-30 16:16:08,935 INFO org.springframework.boot.SpringApplication [main] No active profile set, falling back to default profiles: default
2019-05-30 16:16:47,392 INFO org.springframework.boot.StartupInfoLogger [main] Started Ejercicio2Application in 44.012 seconds (JVM running for 52.174)
2019-05-30 16:18:41,461 INFO org.springframework.boot.SpringApplication [main] No active profile set, falling back to default profiles: default
2019-05-30 16:18:59,057 INFO org.springframework.boot.StartupInfoLogger [main] Started Ejercicio2Application in 20.761 seconds (JVM running for 27.478)
2019-05-30 16:25:38,326 INFO org.springframework.boot.SpringApplication [main] No active profile set, falling back to default profiles: default
2019-05-30 16:26:04,981 INFO org.springframework.boot.StartupInfoLogger [main] Started Ejercicio2Application in 31.295 seconds (JVM running for 36.924)
2019-05-30 16:33:54,752 INFO org.springframework.boot.SpringApplication [main] No active profile set, falling back to default profiles: default
2019-05-30 16:34:12,573 INFO org.springframework.boot.StartupInfoLogger [main] Started Ejercicio2Application in 20.837 seconds (JVM running for 23.418)
2019-05-30 16:37:30,522 INFO org.springframework.boot.SpringApplication [main] No active profile set, falling back to default profiles: default
2019-05-30 16:37:48,049 INFO org.springframework.boot.StartupInfoLogger [main] Started Ejercicio2Application in 20.553 seconds (JVM running for 23.19)
2019-05-30 16:41:18,172 INFO com.ciber.controller.TeachersController [http-nio-9095-exec-10] id 4
2019-05-30 16:41:18,925 INFO com.ciber.service.TeachersServiceImpl [http-nio-9095-exec-10] Eleminado familia
2019-05-30 16:46:33,898 INFO org.springframework.boot.SpringApplication [main] No active profile set, falling back to default profiles: default
2019-05-30 16:47:01,740 INFO org.springframework.boot.StartupInfoLogger [main] Started Ejercicio2Application in 31.85 seconds (JVM running for 37.557)
2019-05-30 16:47:16,771 WARN com.ciber.controller.TeachersController [http-nio-9095-exec-2] Un Teachers fue Eliminado
2019-05-30 16:59:26,468 INFO org.springframework.boot.SpringApplication [main] No active profile set, falling back to default profiles: default
2019-05-30 16:59:44,275 INFO org.springframework.boot.StartupInfoLogger [main] Started Ejercicio2Application in 20.94 seconds (JVM running for 23.845)
2019-05-30 17:03:02,993 INFO org.springframework.boot.SpringApplication [main] No active profile set, falling back to default profiles: default
2019-05-30 17:03:20,960 INFO org.springframework.boot.StartupInfoLogger [main] Started Ejercicio2Application in 21.058 seconds (JVM running for 22.932)
2019-05-30 17:05:35,832 INFO org.springframework.boot.SpringApplication [main] No active profile set, falling back to default profiles: default
2019-05-30 17:05:53,084 INFO org.springframework.boot.StartupInfoLogger [main] Started Ejercicio2Application in 20.199 seconds (JVM running for 22.303)
2019-05-30 17:06:14,181 INFO com.ciber.controller.ClassesController [http-nio-9095-exec-3] ingreso al controller
2019-05-30 17:06:51,824 INFO com.ciber.controller.ClassesController [http-nio-9095-exec-4] ingreso al controller
2019-05-30 17:09:13,194 INFO org.springframework.boot.SpringApplication [main] No active profile set, falling back to default profiles: default
2019-05-30 17:09:30,201 INFO org.springframework.boot.StartupInfoLogger [main] Started Ejercicio2Application in 19.883 seconds (JVM running for 21.769)
2019-05-30 17:09:38,254 INFO com.ciber.controller.ClassesController [http-nio-9095-exec-1] ingreso al controller
2019-05-30 17:09:38,372 INFO com.ciber.controller.ClassesController [http-nio-9095-exec-1] id 3
2019-05-30 17:09:38,397 INFO com.ciber.service.ClassesServiceImpl [http-nio-9095-exec-1] ingreso al servicio
2019-05-30 17:10:44,821 INFO org.springframework.boot.SpringApplication [main] No active profile set, falling back to default profiles: default
2019-05-30 17:11:01,972 INFO org.springframework.boot.StartupInfoLogger [main] Started Ejercicio2Application in 20.188 seconds (JVM running for 21.956)
2019-05-30 17:11:26,521 INFO com.ciber.controller.ClassesController [http-nio-9095-exec-1] ingreso al controller
2019-05-30 17:15:14,339 INFO org.springframework.boot.SpringApplication [main] No active profile set, falling back to default profiles: default
2019-05-30 17:15:31,874 INFO org.springframework.boot.StartupInfoLogger [main] Started Ejercicio2Application in 20.575 seconds (JVM running for 22.34)
2019-05-30 17:16:42,982 INFO com.ciber.controller.ClassesController [http-nio-9095-exec-4] ingreso al controller
2019-05-30 17:16:42,991 INFO com.ciber.controller.ClassesController [http-nio-9095-exec-4] id 4
2019-05-30 17:16:42,992 INFO com.ciber.service.ClassesServiceImpl [http-nio-9095-exec-4] ingreso al servicio
2019-05-30 17:17:02,817 WARN com.ciber.controller.ClassesController [http-nio-9095-exec-5] Un Classes fue Eliminado
2019-05-30 17:19:57,750 WARN com.ciber.controller.SubjectsController [http-nio-9095-exec-3] Un Subject Fue Eliminado
2019-05-30 17:24:53,712 INFO org.springframework.boot.SpringApplication [main] No active profile set, falling back to default profiles: default
2019-05-30 17:25:10,585 INFO org.springframework.boot.StartupInfoLogger [main] Started Ejercicio2Application in 19.88 seconds (JVM running for 21.715)
2019-05-30 17:42:39,268 INFO org.springframework.boot.SpringApplication [main] No active profile set, falling back to default profiles: default
2019-05-30 17:44:18,081 INFO org.springframework.boot.StartupInfoLogger [main] Started Ejercicio2Application in 135.649 seconds (JVM running for 247.136)
2019-05-30 17:47:02,897 INFO org.springframework.boot.SpringApplication [main] No active profile set, falling back to default profiles: default
2019-05-30 17:47:54,814 INFO org.springframework.boot.StartupInfoLogger [main] Started Ejercicio2Application in 56.602 seconds (JVM running for 65.228)
2019-05-30 18:17:47,297 INFO org.springframework.boot.SpringApplication [main] No active profile set, falling back to default profiles: default
2019-05-30 18:18:16,912 INFO org.springframework.boot.StartupInfoLogger [main] Started Ejercicio2Application in 33.897 seconds (JVM running for 38.981)
2019-05-30 18:27:42,733 INFO org.springframework.boot.SpringApplication [main] No active profile set, falling back to default profiles: default
2019-05-30 18:28:02,288 INFO org.springframework.boot.StartupInfoLogger [main] Started Ejercicio2Application in 22.459 seconds (JVM running for 24.564)
2019-05-30 18:55:13,273 INFO org.springframework.boot.SpringApplication [main] No active profile set, falling back to default profiles: default
2019-05-30 18:55:18,623 INFO org.springframework.boot.StartupInfoLogger [main] Started SubjectsControllerTest in 8.953 seconds (JVM running for 12.269)
2019-05-30 18:56:29,693 INFO org.springframework.boot.SpringApplication [main] No active profile set, falling back to default profiles: default
2019-05-30 18:56:34,280 INFO org.springframework.boot.StartupInfoLogger [main] Started SubjectsControllerTest in 8.171 seconds (JVM running for 10.799)
2019-05-30 19:01:04,333 INFO org.springframework.boot.SpringApplication [main] No active profile set, falling back to default profiles: default
2019-05-30 19:01:08,949 INFO org.springframework.boot.StartupInfoLogger [main] Started SubjectsControllerTest in 8.164 seconds (JVM running for 10.913)
2019-05-30 19:02:43,885 INFO org.springframework.boot.SpringApplication [main] No active profile set, falling back to default profiles: default
2019-05-30 19:02:48,385 INFO org.springframework.boot.StartupInfoLogger [main] Started SubjectsControllerTest in 8.311 seconds (JVM running for 11.03)
2019-05-30 19:07:38,441 INFO org.springframework.boot.SpringApplication [main] No active profile set, falling back to default profiles: default
2019-05-30 19:07:43,247 INFO org.springframework.boot.StartupInfoLogger [main] Started SubjectsControllerTest in 8.85 seconds (JVM running for 11.52)
2019-05-30 20:37:45,493 INFO org.springframework.boot.SpringApplication [main] No active profile set, falling back to default profiles: default
2019-05-30 20:37:50,569 INFO org.springframework.boot.StartupInfoLogger [main] Started SubjectsControllerTest in 9.41 seconds (JVM running for 14.575)
2019-05-30 21:25:00,591 INFO org.springframework.boot.SpringApplication [main] No active profile set, falling back to default profiles: default
2019-05-30 21:32:27,158 INFO org.springframework.boot.SpringApplication [main] No active profile set, falling back to default profiles: default
2019-05-30 21:33:45,291 INFO org.springframework.boot.SpringApplication [main] No active profile set, falling back to default profiles: default
2019-05-30 21:34:25,004 INFO org.springframework.boot.StartupInfoLogger [main] Started Ejercicio2Application in 42.896 seconds (JVM running for 44.941)
2019-05-30 21:36:31,971 INFO org.springframework.boot.SpringApplication [main] No active profile set, falling back to default profiles: default
2019-05-30 21:36:58,520 INFO org.springframework.boot.StartupInfoLogger [main] Started Ejercicio2Application in 31.631 seconds (JVM running for 37.107)
2019-05-30 21:41:22,132 INFO com.ciber.controller.StudentClassesController [http-nio-9095-exec-1] clase no  es nulo
2019-05-30 21:45:56,469 INFO com.ciber.controller.StudentClassesController [http-nio-9095-exec-6] clase no  es nulo
